{
  "stats": {
    "suites": 1,
    "tests": 8,
    "passes": 8,
    "pending": 0,
    "failures": 0,
    "start": "2025-09-13T10:08:38.486Z",
    "end": "2025-09-13T10:08:42.751Z",
    "duration": 4265,
    "testsRegistered": 8,
    "passPercent": 100,
    "pendingPercent": 0,
    "other": 0,
    "hasOther": false,
    "skipped": 0,
    "hasSkipped": false
  },
  "results": [
    {
      "uuid": "cd18fdfe-edf1-4d8a-821e-5e20dc79bed9",
      "title": "",
      "fullFile": "cypress\\e2e\\object.cy.js",
      "file": "cypress\\e2e\\object.cy.js",
      "beforeHooks": [],
      "afterHooks": [],
      "tests": [],
      "suites": [
        {
          "uuid": "7895a55f-8308-436f-aec8-525bae2fdedf",
          "title": "Testes API",
          "fullFile": "",
          "file": "",
          "beforeHooks": [],
          "afterHooks": [],
          "tests": [
            {
              "title": "Criar novo objeto e validar campos",
              "fullTitle": "Testes API Criar novo objeto e validar campos",
              "timedOut": null,
              "duration": 796,
              "state": "passed",
              "speed": "fast",
              "pass": true,
              "fail": false,
              "pending": false,
              "context": null,
              "code": "//acrescenta o campo color com valor black no json default\ncy.api_addObject({\n  color: 'black'\n}).then(({\n  response,\n  finalPayload\n}) => {\n  expect(response.status).to.equal(200);\n  objectId = response.body.id;\n  // compara payload real x response\n  cy.compareRequestWithResponse(finalPayload, response.body);\n});",
              "err": {},
              "uuid": "aa914fb6-8a7d-498b-9d6e-822b12b9a3ca",
              "parentUUID": "7895a55f-8308-436f-aec8-525bae2fdedf",
              "isHook": false,
              "skipped": false
            },
            {
              "title": "Buscar objetos",
              "fullTitle": "Testes API Buscar objetos",
              "timedOut": null,
              "duration": 442,
              "state": "passed",
              "speed": "fast",
              "pass": true,
              "fail": false,
              "pending": false,
              "context": null,
              "code": "cy.api_getObjects().then(response => {\n  expect(response.status).to.equal(200);\n});",
              "err": {},
              "uuid": "c66db32c-3c6a-43f5-950b-645e54012bbc",
              "parentUUID": "7895a55f-8308-436f-aec8-525bae2fdedf",
              "isHook": false,
              "skipped": false
            },
            {
              "title": "Alterar objeto",
              "fullTitle": "Testes API Alterar objeto",
              "timedOut": null,
              "duration": 453,
              "state": "passed",
              "speed": "fast",
              "pass": true,
              "fail": false,
              "pending": false,
              "context": null,
              "code": "cy.api_updateObject(objectId).then(response => {\n  expect(response.status).to.equal(200);\n});",
              "err": {},
              "uuid": "9f3d7b83-ec77-4284-9cef-60a561013851",
              "parentUUID": "7895a55f-8308-436f-aec8-525bae2fdedf",
              "isHook": false,
              "skipped": false
            },
            {
              "title": "Alterar objeto - Id inválido",
              "fullTitle": "Testes API Alterar objeto - Id inválido",
              "timedOut": null,
              "duration": 434,
              "state": "passed",
              "speed": "fast",
              "pass": true,
              "fail": false,
              "pending": false,
              "context": null,
              "code": "let objectIdInvalido = 'xxxxx';\ncy.api_updateObject(objectIdInvalido).then(response => {\n  expect(response.status).to.equal(404);\n});",
              "err": {},
              "uuid": "2ad45309-2cff-40c5-8e10-b500a9a88592",
              "parentUUID": "7895a55f-8308-436f-aec8-525bae2fdedf",
              "isHook": false,
              "skipped": false
            },
            {
              "title": "Buscar objeto por ID",
              "fullTitle": "Testes API Buscar objeto por ID",
              "timedOut": null,
              "duration": 428,
              "state": "passed",
              "speed": "fast",
              "pass": true,
              "fail": false,
              "pending": false,
              "context": null,
              "code": "cy.api_getObjectById(objectId).then(response => {\n  expect(response.status).to.equal(200);\n});",
              "err": {},
              "uuid": "d7a86956-dfab-43d9-83a8-aca9374627a0",
              "parentUUID": "7895a55f-8308-436f-aec8-525bae2fdedf",
              "isHook": false,
              "skipped": false
            },
            {
              "title": "Buscar objeto por ID - Id inválido",
              "fullTitle": "Testes API Buscar objeto por ID - Id inválido",
              "timedOut": null,
              "duration": 421,
              "state": "passed",
              "speed": "fast",
              "pass": true,
              "fail": false,
              "pending": false,
              "context": null,
              "code": "let objectIdInvalido = 'xxxxx';\ncy.api_getObjectById(objectIdInvalido).then(response => {\n  expect(response.status).to.equal(404);\n});",
              "err": {},
              "uuid": "0ac3f740-3441-4875-af7b-495d46ede408",
              "parentUUID": "7895a55f-8308-436f-aec8-525bae2fdedf",
              "isHook": false,
              "skipped": false
            },
            {
              "title": "Deletar objeto",
              "fullTitle": "Testes API Deletar objeto",
              "timedOut": null,
              "duration": 477,
              "state": "passed",
              "speed": "fast",
              "pass": true,
              "fail": false,
              "pending": false,
              "context": null,
              "code": "cy.api_deleteObject(objectId).then(response => {\n  expect(response.status).to.equal(200);\n});",
              "err": {},
              "uuid": "b77ae866-f8cd-4efd-9c97-95d37f3b5baf",
              "parentUUID": "7895a55f-8308-436f-aec8-525bae2fdedf",
              "isHook": false,
              "skipped": false
            },
            {
              "title": "Deletar objeto - Id inválido",
              "fullTitle": "Testes API Deletar objeto - Id inválido",
              "timedOut": null,
              "duration": 476,
              "state": "passed",
              "speed": "fast",
              "pass": true,
              "fail": false,
              "pending": false,
              "context": null,
              "code": "let objectIdInvalido = 'xxxxx';\ncy.api_deleteObject(objectIdInvalido).then(response => {\n  expect(response.status).to.equal(404);\n});",
              "err": {},
              "uuid": "cd1a1464-2091-4e5b-8840-9c416f75f853",
              "parentUUID": "7895a55f-8308-436f-aec8-525bae2fdedf",
              "isHook": false,
              "skipped": false
            }
          ],
          "suites": [],
          "passes": [
            "aa914fb6-8a7d-498b-9d6e-822b12b9a3ca",
            "c66db32c-3c6a-43f5-950b-645e54012bbc",
            "9f3d7b83-ec77-4284-9cef-60a561013851",
            "2ad45309-2cff-40c5-8e10-b500a9a88592",
            "d7a86956-dfab-43d9-83a8-aca9374627a0",
            "0ac3f740-3441-4875-af7b-495d46ede408",
            "b77ae866-f8cd-4efd-9c97-95d37f3b5baf",
            "cd1a1464-2091-4e5b-8840-9c416f75f853"
          ],
          "failures": [],
          "pending": [],
          "skipped": [],
          "duration": 3927,
          "root": false,
          "rootEmpty": false,
          "_timeout": 2000
        }
      ],
      "passes": [],
      "failures": [],
      "pending": [],
      "skipped": [],
      "duration": 0,
      "root": true,
      "rootEmpty": true,
      "_timeout": 2000
    }
  ],
  "meta": {
    "mocha": {
      "version": "7.2.0"
    },
    "mochawesome": {
      "options": {
        "quiet": false,
        "reportFilename": "mochawesome",
        "saveHtml": false,
        "saveJson": true,
        "consoleReporter": "spec",
        "useInlineDiffs": false,
        "code": true
      },
      "version": "7.1.3"
    },
    "marge": {
      "options": {
        "reportDir": "cypress/reports",
        "overwrite": false,
        "html": false,
        "json": true
      },
      "version": "6.2.0"
    }
  }
}